[19:50:23] [main/INFO]: Setting user: whizzball1
[19:50:27] [main/WARN]: Skipping bad option: lastServer:
[19:50:27] [main/INFO]: LWJGL Version: 2.9.4
[19:50:44] [main/INFO]: Reloading ResourceManager: BetterFps, Default, FMLFileResourcePack:Forge Mod Loader, FMLFileResourcePack:Minecraft Forge, FMLFileResourcePack:Advanced Rocketry, FMLFileResourcePack:Applied Energistics 2, FMLFileResourcePack:Automated Redstone, FMLFileResourcePack:Autoverse, FMLFileResourcePack:B.A.S.E, FMLFileResourcePack:BD Lib, FMLFileResourcePack:Bookshelf, FMLFileResourcePack:Brandon's Core, FMLFileResourcePack:BC Builders, FMLFileResourcePack:BuildCraft, FMLFileResourcePack:BC Energy, FMLFileResourcePack:BC Factory, FMLFileResourcePack:BuildCraft Lib, FMLFileResourcePack:BC Robotics, FMLFileResourcePack:BC Silicon, FMLFileResourcePack:BC Transport, FMLFileResourcePack:CD4017BE_lib, FMLFileResourcePack:Chisel, FMLFileResourcePack:Chisels & Bits, FMLFileResourcePack:CodeChicken Lib, FMLFileResourcePack:CoFH Core, FMLFileResourcePack:CoFH World, FMLFileResourcePack:CommonCapabilities, FMLFileResourcePack:Compact Machines 3, FMLFileResourcePack:CT-GUI, FMLFileResourcePack:CraftTweaker2, FMLFileResourcePack:CraftTweaker JEI Support, FMLFileResourcePack:Crossroads, FMLFileResourcePack:CTM, FMLFileResourcePack:Custom Main Menu, FMLFileResourcePack:Cyclops Core, FMLFileResourcePack:Dark Utilities, FMLFileResourcePack:DeepResonance, FMLFileResourcePack:Draconic Evolution, FMLFileResourcePack:ElecCore, FMLFileResourcePack:External Tweaker, FMLFileResourcePack:Factory Tech, FMLFileResourcePack:FoamFix, FMLFileResourcePack:Forestry, FMLFileResourcePack:FTBLib, FMLFileResourcePack:FTBUtilities, FMLFileResourcePack:Advanced Generators, FMLFileResourcePack:Immersive Engineering, FMLFileResourcePack:Immersive Petroleum, FMLFileResourcePack:Immersive Tech, FMLFileResourcePack:IndustrialCraft 2, FMLFileResourcePack:Integrated Dynamics, FMLFileResourcePack:IntegratedDynamics-Compat, FMLFileResourcePack:Inventory Tweaks, FMLFileResourcePack:Just Enough Items, FMLFileResourcePack:JEI Bees, FMLFileResourcePack:Vulpes library, FMLFileResourcePack:Mekanism, FMLFileResourcePack:MekanismGenerators, FMLFileResourcePack:Mod Tweaker, FMLFileResourcePack:Modular Machinery, FMLFileResourcePack:Mouse Tweaks, FMLFileResourcePack:MTLib, FMLFileResourcePack:NuclearCraft, FMLFileResourcePack:p455w0rd's Library, FMLFileResourcePack:Reborn Core, FMLFileResourcePack:Redstone Flux, FMLFileResourcePack:RFTools, FMLFileResourcePack:Steve's Carts 2, FMLFileResourcePack:Tech Reborn, FMLFileResourcePack:The One Probe, FMLFileResourcePack:Thermal Dynamics, FMLFileResourcePack:Thermal Expansion, FMLFileResourcePack:Thermal Foundation, FMLFileResourcePack:TOP Addons, FMLFileResourcePack:Wireless Crafting Terminal 2
[19:51:11] [Sound Library Loader/INFO]: Starting up SoundSystem...
[19:51:11] [Thread-10/INFO]: Initializing LWJGL OpenAL
[19:51:11] [Thread-10/INFO]: (The LWJGL binding of OpenAL.  For more information, see http://www.lwjgl.org)
[19:51:11] [Thread-10/INFO]: OpenAL initialized.
[19:51:11] [Sound Library Loader/INFO]: Sound engine started
[19:51:30] [main/WARN]: Texture buildcraftbuilders:textures/filler/parameters/face_west.png with size 0x0 will have visual artifacts at mip level 0, it can only support level -1. Please report to the mod author that the texture should be some multiple of 16x16.
[19:51:30] [main/WARN]: Texture buildcraftbuilders:textures/filler/parameters/face_east.png with size 0x0 will have visual artifacts at mip level 0, it can only support level -1. Please report to the mod author that the texture should be some multiple of 16x16.
[19:51:30] [main/WARN]: Texture buildcraftbuilders:textures/filler/parameters/face_down.png with size 0x0 will have visual artifacts at mip level 0, it can only support level -1. Please report to the mod author that the texture should be some multiple of 16x16.
[19:51:30] [main/WARN]: Texture buildcraftbuilders:textures/filler/parameters/face_up.png with size 0x0 will have visual artifacts at mip level 0, it can only support level -1. Please report to the mod author that the texture should be some multiple of 16x16.
[19:51:33] [main/WARN]: Texture buildcraftbuilders:textures/filler/parameters/face_north.png with size 0x0 will have visual artifacts at mip level 0, it can only support level -1. Please report to the mod author that the texture should be some multiple of 16x16.
[19:51:33] [main/WARN]: Texture buildcraftbuilders:textures/filler/parameters/face_south.png with size 0x0 will have visual artifacts at mip level 0, it can only support level -1. Please report to the mod author that the texture should be some multiple of 16x16.
[19:51:35] [main/INFO]: Created: 4096x4096 textures-atlas
[19:52:17] [main/WARN]: Skipping bad option: lastServer:
[19:52:17] [main/INFO]: Narrator library for x64 successfully loaded
[19:52:32] [Server thread/INFO]: Starting integrated minecraft server version 1.12.2
[19:52:32] [Server thread/INFO]: Generating keypair
[19:52:37] [Server thread/ERROR]: Parsing error loading built-in advancement minecraft:recipes/redstone/repeater
com.google.gson.JsonSyntaxException: Unknown recipe 'minecraft:repeater'
	at net.minecraft.advancements.AdvancementRewards$Deserializer.deserialize(SourceFile:166) ~[l$a.class:?]
	at net.minecraft.advancements.AdvancementRewards$Deserializer.deserialize(SourceFile:150) ~[l$a.class:?]
	at com.google.gson.internal.bind.TreeTypeAdapter.read(TreeTypeAdapter.java:69) ~[TreeTypeAdapter.class:?]
	at com.google.gson.Gson.fromJson(Gson.java:887) ~[Gson.class:?]
	at com.google.gson.Gson.fromJson(Gson.java:952) ~[Gson.class:?]
	at com.google.gson.internal.bind.TreeTypeAdapter$GsonContextImpl.deserialize(TreeTypeAdapter.java:162) ~[TreeTypeAdapter$GsonContextImpl.class:?]
	at net.minecraft.util.JsonUtils.func_188179_a(SourceFile:439) ~[rc.class:?]
	at net.minecraft.util.JsonUtils.func_188177_a(SourceFile:455) ~[rc.class:?]
	at net.minecraft.advancements.Advancement$Builder.func_192059_a(SourceFile:203) ~[i$a.class:?]
	at net.minecraft.advancements.AdvancementManager$1.deserialize(AdvancementManager.java:50) ~[ns$1.class:?]
	at net.minecraft.advancements.AdvancementManager$1.deserialize(AdvancementManager.java:46) ~[ns$1.class:?]
	at com.google.gson.internal.bind.TreeTypeAdapter.read(TreeTypeAdapter.java:69) ~[TreeTypeAdapter.class:?]
	at net.minecraft.util.JsonUtils.func_188173_a(SourceFile:492) ~[rc.class:?]
	at net.minecraft.util.JsonUtils.func_193839_a(SourceFile:532) ~[rc.class:?]
	at net.minecraft.advancements.AdvancementManager.func_192777_a(AdvancementManager.java:184) [ns.class:?]
	at net.minecraft.advancements.AdvancementManager.func_192779_a(AdvancementManager.java:68) [ns.class:?]
	at net.minecraft.advancements.AdvancementManager.<init>(AdvancementManager.java:60) [ns.class:?]
	at net.minecraft.world.WorldServer.func_175643_b(WorldServer.java:156) [oo.class:?]
	at net.minecraft.server.integrated.IntegratedServer.func_71247_a(IntegratedServer.java:122) [chd.class:?]
	at net.minecraft.server.integrated.IntegratedServer.func_71197_b(IntegratedServer.java:156) [chd.class:?]
	at net.minecraft.server.MinecraftServer.run(MinecraftServer.java:484) [MinecraftServer.class:?]
	at java.lang.Thread.run(Unknown Source) [?:1.8.0_144]
[19:52:37] [Server thread/ERROR]: Parsing error loading built-in advancement minecraft:recipes/building_blocks/stone_slab
com.google.gson.JsonSyntaxException: Unknown recipe 'minecraft:stone_slab'
	at net.minecraft.advancements.AdvancementRewards$Deserializer.deserialize(SourceFile:166) ~[l$a.class:?]
	at net.minecraft.advancements.AdvancementRewards$Deserializer.deserialize(SourceFile:150) ~[l$a.class:?]
	at com.google.gson.internal.bind.TreeTypeAdapter.read(TreeTypeAdapter.java:69) ~[TreeTypeAdapter.class:?]
	at com.google.gson.Gson.fromJson(Gson.java:887) ~[Gson.class:?]
	at com.google.gson.Gson.fromJson(Gson.java:952) ~[Gson.class:?]
	at com.google.gson.internal.bind.TreeTypeAdapter$GsonContextImpl.deserialize(TreeTypeAdapter.java:162) ~[TreeTypeAdapter$GsonContextImpl.class:?]
	at net.minecraft.util.JsonUtils.func_188179_a(SourceFile:439) ~[rc.class:?]
	at net.minecraft.util.JsonUtils.func_188177_a(SourceFile:455) ~[rc.class:?]
	at net.minecraft.advancements.Advancement$Builder.func_192059_a(SourceFile:203) ~[i$a.class:?]
	at net.minecraft.advancements.AdvancementManager$1.deserialize(AdvancementManager.java:50) ~[ns$1.class:?]
	at net.minecraft.advancements.AdvancementManager$1.deserialize(AdvancementManager.java:46) ~[ns$1.class:?]
	at com.google.gson.internal.bind.TreeTypeAdapter.read(TreeTypeAdapter.java:69) ~[TreeTypeAdapter.class:?]
	at net.minecraft.util.JsonUtils.func_188173_a(SourceFile:492) ~[rc.class:?]
	at net.minecraft.util.JsonUtils.func_193839_a(SourceFile:532) ~[rc.class:?]
	at net.minecraft.advancements.AdvancementManager.func_192777_a(AdvancementManager.java:184) [ns.class:?]
	at net.minecraft.advancements.AdvancementManager.func_192779_a(AdvancementManager.java:68) [ns.class:?]
	at net.minecraft.advancements.AdvancementManager.<init>(AdvancementManager.java:60) [ns.class:?]
	at net.minecraft.world.WorldServer.func_175643_b(WorldServer.java:156) [oo.class:?]
	at net.minecraft.server.integrated.IntegratedServer.func_71247_a(IntegratedServer.java:122) [chd.class:?]
	at net.minecraft.server.integrated.IntegratedServer.func_71197_b(IntegratedServer.java:156) [chd.class:?]
	at net.minecraft.server.MinecraftServer.run(MinecraftServer.java:484) [MinecraftServer.class:?]
	at java.lang.Thread.run(Unknown Source) [?:1.8.0_144]
[19:52:37] [Server thread/INFO]: Loaded 630 advancements
[19:52:38] [Server thread/INFO]: Preparing start region for level 0
[19:52:39] [Server thread/INFO]: Preparing spawn area: 27%
[19:52:40] [Server thread/INFO]: Preparing spawn area: 68%
[19:52:42] [Server thread/INFO]: Changing view distance to 8, from 10
[19:52:43] [Server thread/INFO]: whizzball1[local:E:27bf211b] logged in with entity id 104 at (-1174.8758810254878, 237.0, 31.875543316309873)
[19:52:43] [Server thread/INFO]: whizzball1 joined the game
[19:52:43] [Server thread/INFO]: Saving and pausing game...
[19:52:43] [Server thread/INFO]: Saving chunks for level 'Room Lab'/overworld
[19:52:44] [Server thread/INFO]: Saving chunks for level 'Room Lab'/the_nether
[19:52:44] [Server thread/INFO]: Saving chunks for level 'Room Lab'/the_end
[19:52:44] [Server thread/INFO]: Saving chunks for level 'Room Lab'/crossroads
[19:52:44] [Server thread/INFO]: Saving chunks for level 'Room Lab'/Storage Cell
[19:52:44] [Server thread/INFO]: Saving chunks for level 'Room Lab'/CompactMachines
[19:52:44] [Server thread/INFO]: Saving chunks for level 'Room Lab'/planet
[19:52:44] [main/INFO]: Loaded 9 advancements
[19:52:47] [Thread-33/INFO]: [CHAT] WARNING: BuildCraft 7.99.12 is in ALPHA!
[19:52:47] [Thread-33/INFO]: [CHAT]   Report bugs you find here
[19:52:47] [Thread-33/INFO]: [CHAT]   and include the version 7.99.12 in the description
[19:53:59] [Server thread/INFO]: Saving and pausing game...
[19:53:59] [Server thread/INFO]: Saving chunks for level 'Room Lab'/overworld
[19:54:00] [Server thread/INFO]: Saving chunks for level 'Room Lab'/the_nether
[19:54:00] [Server thread/INFO]: Saving chunks for level 'Room Lab'/the_end
[19:54:00] [Server thread/INFO]: Saving chunks for level 'Room Lab'/crossroads
[19:54:00] [Server thread/INFO]: Saving chunks for level 'Room Lab'/Storage Cell
[19:54:00] [Server thread/INFO]: Saving chunks for level 'Room Lab'/CompactMachines
[19:54:00] [Server thread/INFO]: Saving chunks for level 'Room Lab'/planet
[19:54:00] [Server thread/INFO]: Stopping server
[19:54:00] [Server thread/INFO]: Saving players
[19:54:00] [Server thread/INFO]: whizzball1 lost connection: Disconnected
[19:54:00] [Server thread/INFO]: whizzball1 left the game
[19:54:00] [Server thread/INFO]: Stopping singleplayer server as player logged out
[19:54:00] [Server thread/INFO]: Saving worlds
[19:54:00] [Server thread/INFO]: Saving chunks for level 'Room Lab'/overworld
[19:54:00] [Server thread/INFO]: Saving chunks for level 'Room Lab'/the_nether
[19:54:00] [Server thread/INFO]: Saving chunks for level 'Room Lab'/the_end
[19:54:00] [Server thread/INFO]: Saving chunks for level 'Room Lab'/crossroads
[19:54:00] [Server thread/INFO]: Saving chunks for level 'Room Lab'/Storage Cell
[19:54:00] [Server thread/INFO]: Saving chunks for level 'Room Lab'/CompactMachines
[19:54:00] [Server thread/INFO]: Saving chunks for level 'Room Lab'/planet
[19:54:05] [main/INFO]: Stopping!
[19:54:05] [main/INFO]: SoundSystem shutting down...
[19:54:05] [main/WARN]: Author: Paul Lamb, www.paulscode.com
